<?xml version="1.0" encoding="UTF-8"?>
<testsuite xmlns:xsi="http://www.w3.org/2001/XMLSchema-instance" xsi:noNamespaceSchemaLocation="https://maven.apache.org/surefire/maven-surefire-plugin/xsd/surefire-test-report.xsd" name="TestSuite" time="16.112" tests="9" errors="0" skipped="0" failures="3">
  <properties>
[...]
</properties>
  <testcase name="AddandDeletePlace" classname="TestFramework.Basics3" time="3.795"/>
  <testcase name="updateComment" classname="TestFramework.Basics8_UpdateComment" time="2.04">
    <failure message="Connection refused: connect" type="java.net.ConnectException">java.net.ConnectException: Connection refused: connect
	at TestFramework.Basics8_UpdateComment.updateComment(Basics8_UpdateComment.java:29)
</failure>
  </testcase>
  <testcase name="createPlaceAPI" classname="TestFramework.Basics2" time="0.478"/>
  <testcase name="Test" classname="TestFramework.Basic_JsonTraverse" time="1.355"/>
  <testcase name="getPlaceAPI" classname="TestFramework.Basics" time="0.774"/>
  <testcase name="addComment" classname="TestFramework.Basic7_addingcomment" time="1.997">
    <failure message="Connection refused: connect" type="java.net.ConnectException">java.net.ConnectException: Connection refused: connect
	at TestFramework.Basic7_addingcomment.addComment(Basic7_addingcomment.java:28)
</failure>
  </testcase>
  <testcase name="addandDelete" classname="TestFramework.Basics33test" time="0.966"/>
  <testcase name="JiraAPI" classname="TestFramework.basics6" time="2.017">
    <failure message="Connection refused: connect" type="java.net.ConnectException">java.net.ConnectException: Connection refused: connect
	at TestFramework.basics6.JiraAPI(basics6.java:38)
</failure>
  </testcase>
  <testcase name="postDataXML" classname="TestFramework.Basics2_Xml" time="0.683"/>
</testsuite>